0 info it worked if it ends with ok
1 verbose cli [ '/usr/local/bin/node',
1 verbose cli   '/usr/local/bin/npm',
1 verbose cli   'install',
1 verbose cli   '-g',
1 verbose cli   'nodemon',
1 verbose cli   '1.7' ]
2 info using npm@2.14.4
3 info using node@v4.1.1
4 verbose install initial load of /usr/local/lib/package.json
5 verbose readDependencies loading dependencies from /usr/local/lib/package.json
6 silly cache add args [ 'nodemon', null ]
7 verbose cache add spec nodemon
8 silly cache add args [ '1.7', null ]
9 verbose cache add spec 1.7
10 silly cache add parsed spec Result {
10 silly cache add   raw: 'nodemon',
10 silly cache add   scope: null,
10 silly cache add   name: 'nodemon',
10 silly cache add   rawSpec: '',
10 silly cache add   spec: '*',
10 silly cache add   type: 'range' }
11 silly addNamed nodemon@*
12 verbose addNamed "*" is a valid semver range for nodemon
13 silly addNameRange { name: 'nodemon', range: '*', hasData: false }
14 silly mapToRegistry name nodemon
15 silly mapToRegistry using default registry
16 silly mapToRegistry registry https://registry.npmjs.org/
17 silly mapToRegistry uri https://registry.npmjs.org/nodemon
18 verbose addNameRange registry:https://registry.npmjs.org/nodemon not in flight; fetching
19 silly cache add parsed spec Result {
19 silly cache add   raw: '1.7',
19 silly cache add   scope: null,
19 silly cache add   name: '1.7',
19 silly cache add   rawSpec: '',
19 silly cache add   spec: '*',
19 silly cache add   type: 'range' }
20 silly addNamed 1.7@*
21 verbose addNamed "*" is a valid semver range for 1.7
22 silly addNameRange { name: '1.7', range: '*', hasData: false }
23 silly mapToRegistry name 1.7
24 silly mapToRegistry using default registry
25 silly mapToRegistry registry https://registry.npmjs.org/
26 silly mapToRegistry uri https://registry.npmjs.org/1.7
27 verbose addNameRange registry:https://registry.npmjs.org/1.7 not in flight; fetching
28 verbose request uri https://registry.npmjs.org/1.7
29 verbose request no auth needed
30 info attempt registry request try #1 at 10:49:01 PM
31 verbose request id 3320b982df8276cd
32 http request GET https://registry.npmjs.org/1.7
33 verbose request uri https://registry.npmjs.org/nodemon
34 verbose request no auth needed
35 info attempt registry request try #1 at 10:49:01 PM
36 verbose etag "J0X32ROLWHB4QP7B5I1I37CG"
37 http request GET https://registry.npmjs.org/nodemon
38 http 304 https://registry.npmjs.org/nodemon
39 silly get cb [ 304,
39 silly get   { date: 'Wed, 28 Oct 2015 12:48:57 GMT',
39 silly get     via: '1.1 varnish',
39 silly get     'cache-control': 'max-age=60',
39 silly get     etag: '"J0X32ROLWHB4QP7B5I1I37CG"',
39 silly get     age: '0',
39 silly get     connection: 'keep-alive',
39 silly get     'x-served-by': 'cache-syd1625-SYD',
39 silly get     'x-cache': 'HIT',
39 silly get     'x-cache-hits': '1',
39 silly get     'x-timer': 'S1446036537.567081,VS0,VE741',
39 silly get     vary: 'Accept' } ]
40 verbose etag https://registry.npmjs.org/nodemon from cache
41 verbose get saving nodemon to /Users/spacemonkeys/.npm/registry.npmjs.org/nodemon/.cache.json
42 silly addNameRange number 2 { name: 'nodemon', range: '*', hasData: true }
43 silly addNameRange versions [ 'nodemon',
43 silly addNameRange   [ '0.1.4',
43 silly addNameRange     '0.1.5',
43 silly addNameRange     '0.1.6',
43 silly addNameRange     '0.1.7',
43 silly addNameRange     '0.1.8',
43 silly addNameRange     '0.2.0',
43 silly addNameRange     '0.2.1',
43 silly addNameRange     '0.2.2',
43 silly addNameRange     '0.3.0',
43 silly addNameRange     '0.3.1',
43 silly addNameRange     '0.3.2',
43 silly addNameRange     '0.4.0',
43 silly addNameRange     '0.4.1',
43 silly addNameRange     '0.5.0',
43 silly addNameRange     '0.5.1',
43 silly addNameRange     '0.5.2',
43 silly addNameRange     '0.5.3',
43 silly addNameRange     '0.5.4',
43 silly addNameRange     '0.5.5',
43 silly addNameRange     '0.5.6',
43 silly addNameRange     '0.5.7',
43 silly addNameRange     '0.6.0',
43 silly addNameRange     '0.6.1',
43 silly addNameRange     '0.6.2',
43 silly addNameRange     '0.6.3',
43 silly addNameRange     '0.6.4',
43 silly addNameRange     '0.6.5',
43 silly addNameRange     '0.6.6',
43 silly addNameRange     '0.6.7',
43 silly addNameRange     '0.6.8',
43 silly addNameRange     '0.6.9',
43 silly addNameRange     '0.6.10',
43 silly addNameRange     '0.6.11',
43 silly addNameRange     '0.6.12',
43 silly addNameRange     '0.6.13',
43 silly addNameRange     '0.6.14',
43 silly addNameRange     '0.6.15',
43 silly addNameRange     '0.6.16',
43 silly addNameRange     '0.6.17',
43 silly addNameRange     '0.6.18',
43 silly addNameRange     '0.6.19',
43 silly addNameRange     '0.6.20',
43 silly addNameRange     '0.6.21',
43 silly addNameRange     '0.6.22',
43 silly addNameRange     '0.6.23',
43 silly addNameRange     '0.7.0',
43 silly addNameRange     '0.7.1',
43 silly addNameRange     '0.7.2',
43 silly addNameRange     '0.7.3',
43 silly addNameRange     '0.7.4',
43 silly addNameRange     '0.7.5',
43 silly addNameRange     '0.7.6',
43 silly addNameRange     '0.7.7',
43 silly addNameRange     '0.7.8',
43 silly addNameRange     '0.7.10',
43 silly addNameRange     '0.9.0',
43 silly addNameRange     '0.9.1',
43 silly addNameRange     '0.9.2',
43 silly addNameRange     '0.9.3',
43 silly addNameRange     '0.9.5',
43 silly addNameRange     '0.9.6',
43 silly addNameRange     '0.9.7',
43 silly addNameRange     '0.9.10',
43 silly addNameRange     '0.9.11',
43 silly addNameRange     '0.9.12',
43 silly addNameRange     '0.9.14',
43 silly addNameRange     '0.9.16',
43 silly addNameRange     '0.9.17',
43 silly addNameRange     '1.0.0',
43 silly addNameRange     '1.0.1',
43 silly addNameRange     '1.0.2',
43 silly addNameRange     '1.0.2-rc',
43 silly addNameRange     '0.6.10-a',
43 silly addNameRange     '1.0.2-rc3',
43 silly addNameRange     '1.0.2-rc4',
43 silly addNameRange     '1.0.3',
43 silly addNameRange     '1.0.4',
43 silly addNameRange     '1.0.5',
43 silly addNameRange     '1.0.6',
43 silly addNameRange     '1.0.7',
43 silly addNameRange     '1.0.8',
43 silly addNameRange     '1.0.9',
43 silly addNameRange     '1.0.10',
43 silly addNameRange     '1.0.11',
43 silly addNameRange     '1.0.12',
43 silly addNameRange     '1.0.13',
43 silly addNameRange     '1.0.14',
43 silly addNameRange     '1.0.15',
43 silly addNameRange     '1.0.16',
43 silly addNameRange     '1.0.17-rc1',
43 silly addNameRange     '1.0.17-rc2',
43 silly addNameRange     '1.0.17',
43 silly addNameRange     '1.0.18',
43 silly addNameRange     '1.0.19',
43 silly addNameRange     '1.0.20',
43 silly addNameRange     '1.1.0-alpha',
43 silly addNameRange     '1.1.0',
43 silly addNameRange     '1.1.1',
43 silly addNameRange     '1.2.0',
43 silly addNameRange     '1.2.1',
43 silly addNameRange     '1.3.0-0',
43 silly addNameRange     '1.3.0-1',
43 silly addNameRange     '1.3.0-2',
43 silly addNameRange     '1.3.0-3',
43 silly addNameRange     '1.3.0-4',
43 silly addNameRange     '1.3.0-5',
43 silly addNameRange     '1.3.0-6',
43 silly addNameRange     '1.3.0-7',
43 silly addNameRange     '1.3.0',
43 silly addNameRange     '1.3.1',
43 silly addNameRange     '1.3.2',
43 silly addNameRange     '1.3.3',
43 silly addNameRange     '1.3.5',
43 silly addNameRange     '1.3.6',
43 silly addNameRange     '1.3.7',
43 silly addNameRange     '1.3.8',
43 silly addNameRange     '1.4.0',
43 silly addNameRange     '1.4.1',
43 silly addNameRange     '1.5.0-alpha1',
43 silly addNameRange     '1.5.0-alpha2',
43 silly addNameRange     '1.5.0-alpha3',
43 silly addNameRange     '1.5.0-alpha4',
43 silly addNameRange     '1.4.2',
43 silly addNameRange     '1.5.0',
43 silly addNameRange     '1.5.1',
43 silly addNameRange     '1.6.0',
43 silly addNameRange     '1.6.1',
43 silly addNameRange     '1.7.0',
43 silly addNameRange     '1.7.1',
43 silly addNameRange     '1.7.2',
43 silly addNameRange     '1.7.3',
43 silly addNameRange     '1.8.0' ] ]
44 silly addNamed nodemon@1.8.0
45 verbose addNamed "1.8.0" is a plain semver version for nodemon
46 silly cache afterAdd nodemon@1.8.0
47 verbose afterAdd /Users/spacemonkeys/.npm/nodemon/1.8.0/package/package.json not in flight; writing
48 verbose afterAdd /Users/spacemonkeys/.npm/nodemon/1.8.0/package/package.json written
49 http 404 https://registry.npmjs.org/1.7
50 verbose headers { 'content-type': 'application/json',
50 verbose headers   'cache-control': 'max-age=0',
50 verbose headers   'content-length': '2',
50 verbose headers   'accept-ranges': 'bytes',
50 verbose headers   date: 'Wed, 28 Oct 2015 12:48:58 GMT',
50 verbose headers   via: '1.1 varnish',
50 verbose headers   age: '0',
50 verbose headers   connection: 'keep-alive',
50 verbose headers   'x-served-by': 'cache-syd1626-SYD',
50 verbose headers   'x-cache': 'MISS',
50 verbose headers   'x-cache-hits': '0',
50 verbose headers   'x-timer': 'S1446036537.582820,VS0,VE912' }
51 silly get cb [ 404,
51 silly get   { 'content-type': 'application/json',
51 silly get     'cache-control': 'max-age=0',
51 silly get     'content-length': '2',
51 silly get     'accept-ranges': 'bytes',
51 silly get     date: 'Wed, 28 Oct 2015 12:48:58 GMT',
51 silly get     via: '1.1 varnish',
51 silly get     age: '0',
51 silly get     connection: 'keep-alive',
51 silly get     'x-served-by': 'cache-syd1626-SYD',
51 silly get     'x-cache': 'MISS',
51 silly get     'x-cache-hits': '0',
51 silly get     'x-timer': 'S1446036537.582820,VS0,VE912' } ]
52 verbose stack Error: Registry returned 404 for GET on https://registry.npmjs.org/1.7
52 verbose stack     at makeError (/usr/local/lib/node_modules/npm/node_modules/npm-registry-client/lib/request.js:263:12)
52 verbose stack     at CachingRegistryClient.<anonymous> (/usr/local/lib/node_modules/npm/node_modules/npm-registry-client/lib/request.js:241:14)
52 verbose stack     at Request._callback (/usr/local/lib/node_modules/npm/node_modules/npm-registry-client/lib/request.js:171:14)
52 verbose stack     at Request.self.callback (/usr/local/lib/node_modules/npm/node_modules/request/request.js:198:22)
52 verbose stack     at emitTwo (events.js:87:13)
52 verbose stack     at Request.emit (events.js:172:7)
52 verbose stack     at Request.<anonymous> (/usr/local/lib/node_modules/npm/node_modules/request/request.js:1073:14)
52 verbose stack     at emitOne (events.js:82:20)
52 verbose stack     at Request.emit (events.js:169:7)
52 verbose stack     at IncomingMessage.<anonymous> (/usr/local/lib/node_modules/npm/node_modules/request/request.js:1019:12)
53 verbose statusCode 404
54 verbose pkgid 1.7
55 verbose cwd /Users/Shared/JCU/Notes 'n' Docs/2015_SP2 - ()/CP2013 - Software Engineering/Assignment/cp2013project/CP2013_GroupAssignment
56 error Darwin 14.5.0
57 error argv "/usr/local/bin/node" "/usr/local/bin/npm" "install" "-g" "nodemon" "1.7"
58 error node v4.1.1
59 error npm  v2.14.4
60 error code E404
61 error 404 Registry returned 404 for GET on https://registry.npmjs.org/1.7
61 error 404
61 error 404 '1.7' is not in the npm registry.
61 error 404 You should bug the author to publish it (or use the name yourself!)
61 error 404
61 error 404 Note that you can also install from a
61 error 404 tarball, folder, http url, or git url.
62 verbose exit [ 1, true ]
